sKHUapp/build/outputs/logs/manifest-merger-debug-report.txt
-- Merging decision tree log ---
manifest
ADDED from src\main\AndroidManifest.xml:2:1-109:12
	package
		ADDED from src\main\AndroidManifest.xml:3:5-34
		INJECTED from src\main\AndroidManifest.xml
		INJECTED from src\main\AndroidManifest.xml
	android:versionName
		ADDED from src\main\AndroidManifest.xml:5:5-30
		INJECTED from src\main\AndroidManifest.xml
		INJECTED from src\main\AndroidManifest.xml
	android:versionCode
		ADDED from src\main\AndroidManifest.xml:4:5-28
		INJECTED from src\main\AndroidManifest.xml
		INJECTED from src\main\AndroidManifest.xml
	xmlns:android
		ADDED from src\main\AndroidManifest.xml:2:11-69
uses-sdk
ADDED from src\main\AndroidManifest.xml:7:5-9:41
MERGED from [SKHUapp:viewpagerindicatorlibrary:unspecified] AndroidManifest.xml:7:5-9:40
MERGED from [com.android.support:support-v4:20.0.0] AndroidManifest.xml:16:5-42
MERGED from [com.android.support:appcompat-v7:20.0.0] AndroidManifest.xml:16:5-42
MERGED from [com.android.support:support-v4:20.0.0] AndroidManifest.xml:16:5-42
MERGED from [SKHUapp:slidingmenuSupportV7library:unspecified] AndroidManifest.xml:7:5-9:41
MERGED from [com.android.support:support-v4:20.0.0] AndroidManifest.xml:16:5-42
MERGED from [com.android.support:appcompat-v7:20.0.0] AndroidManifest.xml:16:5-42
MERGED from [com.android.support:support-v4:20.0.0] AndroidManifest.xml:16:5-42
MERGED from [SKHUapp:androidAysncHttpMulitPartModifyLibrary:unspecified] AndroidManifest.xml:7:5-9:40
MERGED from [com.android.support:appcompat-v7:20.0.0] AndroidManifest.xml:16:5-42
MERGED from [com.android.support:support-v4:20.0.0] AndroidManifest.xml:16:5-42
MERGED from [com.android.support:support-v4:20.0.0] AndroidManifest.xml:16:5-42
MERGED from [com.android.support:appcompat-v7:20.0.0] AndroidManifest.xml:16:5-42
MERGED from [com.android.support:support-v4:20.0.0] AndroidManifest.xml:16:5-42
MERGED from [com.android.support:gridlayout-v7:19.1.0] AndroidManifest.xml:18:5-42
MERGED from [com.android.support:support-v4:20.0.0] AndroidManifest.xml:16:5-42
	android:targetSdkVersion
		ADDED from src\main\AndroidManifest.xml:9:9-38
		INJECTED from src\main\AndroidManifest.xml
		INJECTED from src\main\AndroidManifest.xml
	android:minSdkVersion
		ADDED from src\main\AndroidManifest.xml:8:9-34
		INJECTED from src\main\AndroidManifest.xml
		INJECTED from src\main\AndroidManifest.xml
uses-permission#android.permission.READ_EXTERNAL_STORAGE
ADDED from src\main\AndroidManifest.xml:10:5-79
	android:name
		ADDED from src\main\AndroidManifest.xml:10:22-77
uses-permission#android.permission.WRITE_EXTERNAL_STORAGE
ADDED from src\main\AndroidManifest.xml:11:5-80
	android:name
		ADDED from src\main\AndroidManifest.xml:11:22-78
application
ADDED from src\main\AndroidManifest.xml:13:5-102:19
MERGED from [com.android.support:support-v4:20.0.0] AndroidManifest.xml:17:5-19
MERGED from [com.android.support:appcompat-v7:20.0.0] AndroidManifest.xml:17:5-19
MERGED from [com.android.support:support-v4:20.0.0] AndroidManifest.xml:17:5-19
MERGED from [com.android.support:support-v4:20.0.0] AndroidManifest.xml:17:5-19
MERGED from [com.android.support:appcompat-v7:20.0.0] AndroidManifest.xml:17:5-19
MERGED from [com.android.support:support-v4:20.0.0] AndroidManifest.xml:17:5-19
MERGED from [SKHUapp:androidAysncHttpMulitPartModifyLibrary:unspecified] AndroidManifest.xml:13:5-20
MERGED from [com.android.support:appcompat-v7:20.0.0] AndroidManifest.xml:17:5-19
MERGED from [com.android.support:support-v4:20.0.0] AndroidManifest.xml:17:5-19
MERGED from [com.android.support:support-v4:20.0.0] AndroidManifest.xml:17:5-19
MERGED from [com.android.support:appcompat-v7:20.0.0] AndroidManifest.xml:17:5-19
MERGED from [com.android.support:support-v4:20.0.0] AndroidManifest.xml:17:5-19
MERGED from [com.android.support:gridlayout-v7:19.1.0] AndroidManifest.xml:19:5-20
MERGED from [com.android.support:support-v4:20.0.0] AndroidManifest.xml:17:5-19
	android:label
		ADDED from src\main\AndroidManifest.xml:17:9-41
	android:allowBackup
		ADDED from src\main\AndroidManifest.xml:15:9-35
	android:icon
		ADDED from src\main\AndroidManifest.xml:16:9-45
	android:theme
		ADDED from src\main\AndroidManifest.xml:18:9-40
	android:name
		ADDED from src\main\AndroidManifest.xml:14:9-37
activity#com.example.skhuapp.LaunchActivity
ADDED from src\main\AndroidManifest.xml:19:9-28:20
	android:screenOrientation
		ADDED from src\main\AndroidManifest.xml:21:13-49
	android:theme
		ADDED from src\main\AndroidManifest.xml:22:13-60
	android:name
		ADDED from src\main\AndroidManifest.xml:20:13-42
intent-filter#android.intent.action.MAIN+android.intent.category.LAUNCHER
ADDED from src\main\AndroidManifest.xml:23:13-27:29
action#android.intent.action.MAIN
ADDED from src\main\AndroidManifest.xml:24:17-69
	android:name
		ADDED from src\main\AndroidManifest.xml:24:25-66
category#android.intent.category.LAUNCHER
ADDED from src\main\AndroidManifest.xml:26:17-77
	android:name
		ADDED from src\main\AndroidManifest.xml:26:27-74
activity#com.example.skhuapp.MainActivity
ADDED from src\main\AndroidManifest.xml:29:9-33:20
	android:screenOrientation
		ADDED from src\main\AndroidManifest.xml:31:13-49
	android:theme
		ADDED from src\main\AndroidManifest.xml:32:13-60
	android:name
		ADDED from src\main\AndroidManifest.xml:30:13-40
activity#com.example.skhuapp.zelkova.NoticeActivity
ADDED from src\main\AndroidManifest.xml:34:9-37:20
	android:screenOrientation
		ADDED from src\main\AndroidManifest.xml:36:13-49
	android:name
		ADDED from src\main\AndroidManifest.xml:35:13-70
activity#com.example.skhuapp.intro.IntroActivity
ADDED from src\main\AndroidManifest.xml:38:9-41:20
	android:screenOrientation
		ADDED from src\main\AndroidManifest.xml:40:13-49
	android:name
		ADDED from src\main\AndroidManifest.xml:39:13-48
activity#com.example.skhuapp.menu.MenuActivity
ADDED from src\main\AndroidManifest.xml:42:9-45:20
	android:screenOrientation
		ADDED from src\main\AndroidManifest.xml:44:13-49
	android:name
		ADDED from src\main\AndroidManifest.xml:43:13-46
activity#com.example.skhuapp.community.CommunityActivity
ADDED from src\main\AndroidManifest.xml:46:9-49:20
	android:screenOrientation
		ADDED from src\main\AndroidManifest.xml:48:13-49
	android:name
		ADDED from src\main\AndroidManifest.xml:47:13-56
activity#com.example.skhuapp.library.LibraryActivity
ADDED from src\main\AndroidManifest.xml:50:9-53:20
	android:screenOrientation
		ADDED from src\main\AndroidManifest.xml:52:13-49
	android:name
		ADDED from src\main\AndroidManifest.xml:51:13-52
activity#com.example.skhuapp.collegeschedule.CollegeScheduleActivity
ADDED from src\main\AndroidManifest.xml:54:9-57:20
	android:screenOrientation
		ADDED from src\main\AndroidManifest.xml:56:13-49
	android:name
		ADDED from src\main\AndroidManifest.xml:55:13-68
activity#com.example.skhuapp.food.FoodActivity
ADDED from src\main\AndroidManifest.xml:58:9-61:20
	android:screenOrientation
		ADDED from src\main\AndroidManifest.xml:60:13-49
	android:name
		ADDED from src\main\AndroidManifest.xml:59:13-46
activity#com.example.skhuapp.community.free.FreeBoardActivity
ADDED from src\main\AndroidManifest.xml:62:9-65:20
	android:screenOrientation
		ADDED from src\main\AndroidManifest.xml:64:13-49
	android:name
		ADDED from src\main\AndroidManifest.xml:63:13-61
activity#com.example.skhuapp.community.glocalit.GlocalitBoard
ADDED from src\main\AndroidManifest.xml:66:9-69:20
	android:screenOrientation
		ADDED from src\main\AndroidManifest.xml:68:13-49
	android:name
		ADDED from src\main\AndroidManifest.xml:67:13-61
activity#com.example.skhuapp.community.free.FreeBoardWriteActivity
ADDED from src\main\AndroidManifest.xml:70:9-73:20
	android:screenOrientation
		ADDED from src\main\AndroidManifest.xml:72:13-49
	android:name
		ADDED from src\main\AndroidManifest.xml:71:13-66
activity#com.example.skhuapp.community.free.FreeBoardCommentActivity
ADDED from src\main\AndroidManifest.xml:74:9-77:20
	android:screenOrientation
		ADDED from src\main\AndroidManifest.xml:76:13-49
	android:name
		ADDED from src\main\AndroidManifest.xml:75:13-68
activity#com.example.skhuapp.zelkova.DetailContent
ADDED from src\main\AndroidManifest.xml:78:9-81:20
	android:screenOrientation
		ADDED from src\main\AndroidManifest.xml:80:13-49
	android:name
		ADDED from src\main\AndroidManifest.xml:79:13-50
activity#com.example.skhuapp.introcampus.IntroCampusActivity
ADDED from src\main\AndroidManifest.xml:82:9-85:20
	android:screenOrientation
		ADDED from src\main\AndroidManifest.xml:84:13-49
	android:name
		ADDED from src\main\AndroidManifest.xml:83:13-60
activity#com.example.skhuapp.schedule.TimeTableSetting
ADDED from src\main\AndroidManifest.xml:86:9-89:20
	android:screenOrientation
		ADDED from src\main\AndroidManifest.xml:88:13-49
	android:name
		ADDED from src\main\AndroidManifest.xml:87:13-54
activity#com.example.skhuapp.schedule.TimeTable
ADDED from src\main\AndroidManifest.xml:90:9-93:20
	android:screenOrientation
		ADDED from src\main\AndroidManifest.xml:92:13-49
	android:name
		ADDED from src\main\AndroidManifest.xml:91:13-47
activity#com.example.skhuapp.schedule.schedule
ADDED from src\main\AndroidManifest.xml:94:9-97:20
	android:screenOrientation
		ADDED from src\main\AndroidManifest.xml:96:13-49
	android:name
		ADDED from src\main\AndroidManifest.xml:95:13-46
activity#com.example.skhuapp.schedule.TableSetting
ADDED from src\main\AndroidManifest.xml:98:9-101:20
	android:screenOrientation
		ADDED from src\main\AndroidManifest.xml:100:13-49
	android:name
		ADDED from src\main\AndroidManifest.xml:99:13-50
uses-permission#android.permission.INTERNET
ADDED from src\main\AndroidManifest.xml:104:5-67
MERGED from [SKHUapp:androidAysncHttpMulitPartModifyLibrary:unspecified] AndroidManifest.xml:11:5-67
	android:name
		ADDED from src\main\AndroidManifest.xml:104:22-64
uses-permission#android.permission.ACCESS_NETWORK_STATE
ADDED from src\main\AndroidManifest.xml:105:5-79
	android:name
		ADDED from src\main\AndroidManifest.xml:105:22-76
uses-permission#android.permission.CALL_PHONE
ADDED from src\main\AndroidManifest.xml:106:5-69
	android:name
		ADDED from src\main\AndroidManifest.xml:106:22-66
uses-permission#android.permission.CALL_PRIVILEGED
ADDED from src\main\AndroidManifest.xml:107:5-74
	android:name
		ADDED from src\main\AndroidManifest.xml:107:22-71
android:uses-permission#android.permission.READ_PHONE_STATE
IMPLIED from src\main\AndroidManifest.xml:2:1-109:12 reason: com.loopj.android.http has a targetSdkVersion < 4